{"C:\\git\\Brewery-Cart-Service\\src\\config\\config.ts": {"path":"C:\\git\\Brewery-Cart-Service\\src\\config\\config.ts","statementMap":{"0":{"start":{"line":1,"column":0},"end":{"line":1,"column":33}},"1":{"start":{"line":3,"column":0},"end":{"line":7,"column":3}},"2":{"start":{"line":9,"column":20},"end":{"line":9,"column":57}},"3":{"start":{"line":10,"column":24},"end":{"line":10,"column":78}},"4":{"start":{"line":11,"column":13},"end":{"line":11,"column":39}},"5":{"start":{"line":12,"column":19},"end":{"line":12,"column":47}},"6":{"start":{"line":21,"column":13},"end":{"line":26,"column":2}}},"fnMap":{},"branchMap":{"0":{"loc":{"start":{"line":5,"column":15},"end":{"line":5,"column":46}},"type":"binary-expr","locations":[{"start":{"line":5,"column":15},"end":{"line":5,"column":35}},{"start":{"line":5,"column":39},"end":{"line":5,"column":46}}]},"1":{"loc":{"start":{"line":9,"column":20},"end":{"line":9,"column":57}},"type":"binary-expr","locations":[{"start":{"line":9,"column":20},"end":{"line":9,"column":40}},{"start":{"line":9,"column":44},"end":{"line":9,"column":57}}]},"2":{"loc":{"start":{"line":10,"column":24},"end":{"line":10,"column":78}},"type":"cond-expr","locations":[{"start":{"line":10,"column":51},"end":{"line":10,"column":55}},{"start":{"line":10,"column":55},"end":{"line":10,"column":78}}]},"3":{"loc":{"start":{"line":10,"column":24},"end":{"line":10,"column":55}},"type":"binary-expr","locations":[{"start":{"line":10,"column":24},"end":{"line":10,"column":55}},{"start":{"line":10,"column":51},"end":{"line":10,"column":55}}]},"4":{"loc":{"start":{"line":11,"column":13},"end":{"line":11,"column":39}},"type":"cond-expr","locations":[{"start":{"line":11,"column":29},"end":{"line":11,"column":33}},{"start":{"line":11,"column":33},"end":{"line":11,"column":39}}]},"5":{"loc":{"start":{"line":11,"column":13},"end":{"line":11,"column":33}},"type":"binary-expr","locations":[{"start":{"line":11,"column":13},"end":{"line":11,"column":33}},{"start":{"line":11,"column":29},"end":{"line":11,"column":33}}]},"6":{"loc":{"start":{"line":12,"column":19},"end":{"line":12,"column":47}},"type":"cond-expr","locations":[{"start":{"line":12,"column":41},"end":{"line":12,"column":45}},{"start":{"line":12,"column":45},"end":{"line":12,"column":47}}]},"7":{"loc":{"start":{"line":12,"column":19},"end":{"line":12,"column":45}},"type":"binary-expr","locations":[{"start":{"line":12,"column":19},"end":{"line":12,"column":45}},{"start":{"line":12,"column":41},"end":{"line":12,"column":45}}]}},"s":{"0":4,"1":4,"2":4,"3":4,"4":4,"5":4,"6":4},"f":{},"b":{"0":[4,1],"1":[4,1],"2":[2,2],"3":[4,4],"4":[2,2],"5":[4,4],"6":[2,2],"7":[4,4]}}
,"C:\\git\\Brewery-Cart-Service\\src\\controllers\\cartController.ts": {"path":"C:\\git\\Brewery-Cart-Service\\src\\controllers\\cartController.ts","statementMap":{"0":{"start":{"line":2,"column":0},"end":{"line":2,"column":53}},"1":{"start":{"line":3,"column":0},"end":{"line":3,"column":26}},"2":{"start":{"line":4,"column":0},"end":{"line":4,"column":42}},"3":{"start":{"line":8,"column":18},"end":{"line":8,"column":55}},"4":{"start":{"line":15,"column":17},"end":{"line":15,"column":38}},"5":{"start":{"line":16,"column":2},"end":{"line":19,"column":3}},"6":{"start":{"line":17,"column":3},"end":{"line":17,"column":52}},"7":{"start":{"line":18,"column":3},"end":{"line":18,"column":10}},"8":{"start":{"line":21,"column":2},"end":{"line":21,"column":37}},"9":{"start":{"line":22,"column":2},"end":{"line":22,"column":37}},"10":{"start":{"line":23,"column":25},"end":{"line":23,"column":55}},"11":{"start":{"line":24,"column":2},"end":{"line":27,"column":3}},"12":{"start":{"line":25,"column":3},"end":{"line":25,"column":53}},"13":{"start":{"line":26,"column":3},"end":{"line":26,"column":10}},"14":{"start":{"line":29,"column":2},"end":{"line":54,"column":3}},"15":{"start":{"line":30,"column":29},"end":{"line":32,"column":null}},"16":{"start":{"line":34,"column":3},"end":{"line":37,"column":4}},"17":{"start":{"line":35,"column":4},"end":{"line":35,"column":60}},"18":{"start":{"line":36,"column":4},"end":{"line":36,"column":11}},"19":{"start":{"line":38,"column":20},"end":{"line":41,"column":null}},"20":{"start":{"line":43,"column":3},"end":{"line":43,"column":39}},"21":{"start":{"line":45,"column":3},"end":{"line":48,"column":5}},"22":{"start":{"line":49,"column":3},"end":{"line":53,"column":6}},"23":{"start":{"line":62,"column":2},"end":{"line":65,"column":3}},"24":{"start":{"line":63,"column":3},"end":{"line":63,"column":53}},"25":{"start":{"line":64,"column":3},"end":{"line":64,"column":10}},"26":{"start":{"line":67,"column":2},"end":{"line":82,"column":3}},"27":{"start":{"line":68,"column":20},"end":{"line":70,"column":null}},"28":{"start":{"line":72,"column":3},"end":{"line":72,"column":39}},"29":{"start":{"line":74,"column":3},"end":{"line":77,"column":5}},"30":{"start":{"line":78,"column":3},"end":{"line":81,"column":6}},"31":{"start":{"line":90,"column":17},"end":{"line":90,"column":38}},"32":{"start":{"line":91,"column":2},"end":{"line":94,"column":3}},"33":{"start":{"line":92,"column":3},"end":{"line":92,"column":52}},"34":{"start":{"line":93,"column":3},"end":{"line":93,"column":10}},"35":{"start":{"line":96,"column":2},"end":{"line":136,"column":3}},"36":{"start":{"line":97,"column":3},"end":{"line":97,"column":63}},"37":{"start":{"line":98,"column":28},"end":{"line":100,"column":null}},"38":{"start":{"line":102,"column":3},"end":{"line":102,"column":61}},"39":{"start":{"line":103,"column":3},"end":{"line":109,"column":4}},"40":{"start":{"line":107,"column":4},"end":{"line":107,"column":54}},"41":{"start":{"line":108,"column":4},"end":{"line":108,"column":11}},"42":{"start":{"line":110,"column":29},"end":{"line":112,"column":null}},"43":{"start":{"line":114,"column":3},"end":{"line":117,"column":4}},"44":{"start":{"line":115,"column":4},"end":{"line":115,"column":60}},"45":{"start":{"line":116,"column":4},"end":{"line":116,"column":11}},"46":{"start":{"line":118,"column":3},"end":{"line":120,"column":5}},"47":{"start":{"line":121,"column":20},"end":{"line":124,"column":null}},"48":{"start":{"line":126,"column":3},"end":{"line":126,"column":39}},"49":{"start":{"line":128,"column":3},"end":{"line":131,"column":5}},"50":{"start":{"line":132,"column":3},"end":{"line":135,"column":6}},"51":{"start":{"line":144,"column":2},"end":{"line":171,"column":3}},"52":{"start":{"line":145,"column":28},"end":{"line":147,"column":null}},"53":{"start":{"line":149,"column":3},"end":{"line":155,"column":4}},"54":{"start":{"line":153,"column":4},"end":{"line":153,"column":54}},"55":{"start":{"line":154,"column":4},"end":{"line":154,"column":11}},"56":{"start":{"line":156,"column":20},"end":{"line":158,"column":null}},"57":{"start":{"line":160,"column":3},"end":{"line":160,"column":39}},"58":{"start":{"line":162,"column":3},"end":{"line":165,"column":5}},"59":{"start":{"line":166,"column":3},"end":{"line":170,"column":6}},"60":{"start":{"line":179,"column":2},"end":{"line":182,"column":3}},"61":{"start":{"line":180,"column":3},"end":{"line":180,"column":53}},"62":{"start":{"line":181,"column":3},"end":{"line":181,"column":10}},"63":{"start":{"line":184,"column":2},"end":{"line":199,"column":3}},"64":{"start":{"line":185,"column":20},"end":{"line":187,"column":null}},"65":{"start":{"line":189,"column":3},"end":{"line":189,"column":66}},"66":{"start":{"line":191,"column":3},"end":{"line":194,"column":5}},"67":{"start":{"line":195,"column":3},"end":{"line":198,"column":6}},"68":{"start":{"line":207,"column":2},"end":{"line":207,"column":37}},"69":{"start":{"line":208,"column":2},"end":{"line":208,"column":57}},"70":{"start":{"line":209,"column":2},"end":{"line":214,"column":4}},"71":{"start":{"line":215,"column":2},"end":{"line":218,"column":3}},"72":{"start":{"line":216,"column":3},"end":{"line":216,"column":53}},"73":{"start":{"line":217,"column":3},"end":{"line":217,"column":10}},"74":{"start":{"line":219,"column":2},"end":{"line":245,"column":3}},"75":{"start":{"line":220,"column":24},"end":{"line":222,"column":null}},"76":{"start":{"line":224,"column":21},"end":{"line":224,"column":38}},"77":{"start":{"line":225,"column":15},"end":{"line":225,"column":16}},"78":{"start":{"line":226,"column":3},"end":{"line":232,"column":4}},"79":{"start":{"line":227,"column":30},"end":{"line":229,"column":null}},"80":{"start":{"line":231,"column":4},"end":{"line":231,"column":58}},"81":{"start":{"line":233,"column":3},"end":{"line":233,"column":35}},"82":{"start":{"line":235,"column":3},"end":{"line":238,"column":5}},"83":{"start":{"line":239,"column":3},"end":{"line":244,"column":6}},"84":{"start":{"line":7,"column":0},"end":{"line":7,"column":13}}},"fnMap":{"0":{"name":"(anonymous_8)","decl":{"start":{"line":7,"column":0},"end":{"line":7,"column":13}},"loc":{"start":{"line":7,"column":0},"end":{"line":247,"column":1}}},"1":{"name":"(anonymous_9)","decl":{"start":{"line":10,"column":7},"end":{"line":10,"column":16}},"loc":{"start":{"line":13,"column":20},"end":{"line":55,"column":null}}},"2":{"name":"(anonymous_11)","decl":{"start":{"line":57,"column":7},"end":{"line":57,"column":14}},"loc":{"start":{"line":60,"column":20},"end":{"line":83,"column":null}}},"3":{"name":"(anonymous_13)","decl":{"start":{"line":85,"column":7},"end":{"line":85,"column":17}},"loc":{"start":{"line":88,"column":20},"end":{"line":137,"column":null}}},"4":{"name":"(anonymous_15)","decl":{"start":{"line":139,"column":7},"end":{"line":139,"column":21}},"loc":{"start":{"line":142,"column":20},"end":{"line":172,"column":null}}},"5":{"name":"(anonymous_17)","decl":{"start":{"line":174,"column":7},"end":{"line":174,"column":16}},"loc":{"start":{"line":177,"column":20},"end":{"line":200,"column":null}}},"6":{"name":"(anonymous_19)","decl":{"start":{"line":202,"column":7},"end":{"line":202,"column":19}},"loc":{"start":{"line":205,"column":20},"end":{"line":246,"column":null}}}},"branchMap":{"0":{"loc":{"start":{"line":16,"column":2},"end":{"line":19,"column":3}},"type":"if","locations":[{"start":{"line":16,"column":2},"end":{"line":19,"column":3}}]},"1":{"loc":{"start":{"line":24,"column":2},"end":{"line":27,"column":3}},"type":"if","locations":[{"start":{"line":24,"column":2},"end":{"line":27,"column":3}}]},"2":{"loc":{"start":{"line":24,"column":6},"end":{"line":24,"column":49}},"type":"binary-expr","locations":[{"start":{"line":24,"column":6},"end":{"line":24,"column":15}},{"start":{"line":24,"column":19},"end":{"line":24,"column":49}}]},"3":{"loc":{"start":{"line":34,"column":3},"end":{"line":37,"column":4}},"type":"if","locations":[{"start":{"line":34,"column":3},"end":{"line":37,"column":4}}]},"4":{"loc":{"start":{"line":47,"column":4},"end":{"line":47,"column":41}},"type":"binary-expr","locations":[{"start":{"line":47,"column":4},"end":{"line":47,"column":24}},{"start":{"line":47,"column":28},"end":{"line":47,"column":41}}]},"5":{"loc":{"start":{"line":47,"column":4},"end":{"line":47,"column":24}},"type":"cond-expr","locations":[{"start":{"line":47,"column":18},"end":{"line":47,"column":20}},{"start":{"line":47,"column":18},"end":{"line":47,"column":24}}]},"6":{"loc":{"start":{"line":47,"column":4},"end":{"line":47,"column":20}},"type":"binary-expr","locations":[{"start":{"line":47,"column":4},"end":{"line":47,"column":20}},{"start":{"line":47,"column":18},"end":{"line":47,"column":20}}]},"7":{"loc":{"start":{"line":49,"column":14},"end":{"line":49,"column":43}},"type":"binary-expr","locations":[{"start":{"line":49,"column":14},"end":{"line":49,"column":36}},{"start":{"line":49,"column":40},"end":{"line":49,"column":43}}]},"8":{"loc":{"start":{"line":49,"column":14},"end":{"line":49,"column":36}},"type":"cond-expr","locations":[{"start":{"line":49,"column":28},"end":{"line":49,"column":30}},{"start":{"line":49,"column":28},"end":{"line":49,"column":36}}]},"9":{"loc":{"start":{"line":49,"column":14},"end":{"line":49,"column":30}},"type":"binary-expr","locations":[{"start":{"line":49,"column":14},"end":{"line":49,"column":30}},{"start":{"line":49,"column":28},"end":{"line":49,"column":30}}]},"10":{"loc":{"start":{"line":51,"column":5},"end":{"line":51,"column":60}},"type":"binary-expr","locations":[{"start":{"line":51,"column":5},"end":{"line":51,"column":34}},{"start":{"line":51,"column":38},"end":{"line":51,"column":60}}]},"11":{"loc":{"start":{"line":51,"column":5},"end":{"line":51,"column":34}},"type":"cond-expr","locations":[{"start":{"line":51,"column":25},"end":{"line":51,"column":27}},{"start":{"line":51,"column":25},"end":{"line":51,"column":34}}]},"12":{"loc":{"start":{"line":51,"column":5},"end":{"line":51,"column":27}},"type":"binary-expr","locations":[{"start":{"line":51,"column":5},"end":{"line":51,"column":27}},{"start":{"line":51,"column":25},"end":{"line":51,"column":27}}]},"13":{"loc":{"start":{"line":51,"column":5},"end":{"line":51,"column":25}},"type":"cond-expr","locations":[{"start":{"line":51,"column":19},"end":{"line":51,"column":21}},{"start":{"line":51,"column":19},"end":{"line":51,"column":25}}]},"14":{"loc":{"start":{"line":51,"column":5},"end":{"line":51,"column":21}},"type":"binary-expr","locations":[{"start":{"line":51,"column":5},"end":{"line":51,"column":21}},{"start":{"line":51,"column":19},"end":{"line":51,"column":21}}]},"15":{"loc":{"start":{"line":52,"column":11},"end":{"line":52,"column":56}},"type":"binary-expr","locations":[{"start":{"line":52,"column":11},"end":{"line":52,"column":39}},{"start":{"line":52,"column":43},"end":{"line":52,"column":56}}]},"16":{"loc":{"start":{"line":52,"column":11},"end":{"line":52,"column":39}},"type":"cond-expr","locations":[{"start":{"line":52,"column":31},"end":{"line":52,"column":33}},{"start":{"line":52,"column":31},"end":{"line":52,"column":39}}]},"17":{"loc":{"start":{"line":52,"column":11},"end":{"line":52,"column":33}},"type":"binary-expr","locations":[{"start":{"line":52,"column":11},"end":{"line":52,"column":33}},{"start":{"line":52,"column":31},"end":{"line":52,"column":33}}]},"18":{"loc":{"start":{"line":52,"column":11},"end":{"line":52,"column":31}},"type":"cond-expr","locations":[{"start":{"line":52,"column":25},"end":{"line":52,"column":27}},{"start":{"line":52,"column":25},"end":{"line":52,"column":31}}]},"19":{"loc":{"start":{"line":52,"column":11},"end":{"line":52,"column":27}},"type":"binary-expr","locations":[{"start":{"line":52,"column":11},"end":{"line":52,"column":27}},{"start":{"line":52,"column":25},"end":{"line":52,"column":27}}]},"20":{"loc":{"start":{"line":62,"column":2},"end":{"line":65,"column":3}},"type":"if","locations":[{"start":{"line":62,"column":2},"end":{"line":65,"column":3}}]},"21":{"loc":{"start":{"line":62,"column":6},"end":{"line":62,"column":29}},"type":"cond-expr","locations":[{"start":{"line":62,"column":14},"end":{"line":62,"column":16}},{"start":{"line":62,"column":14},"end":{"line":62,"column":29}}]},"22":{"loc":{"start":{"line":62,"column":6},"end":{"line":62,"column":16}},"type":"binary-expr","locations":[{"start":{"line":62,"column":6},"end":{"line":62,"column":16}},{"start":{"line":62,"column":14},"end":{"line":62,"column":16}}]},"23":{"loc":{"start":{"line":76,"column":4},"end":{"line":76,"column":41}},"type":"binary-expr","locations":[{"start":{"line":76,"column":4},"end":{"line":76,"column":24}},{"start":{"line":76,"column":28},"end":{"line":76,"column":41}}]},"24":{"loc":{"start":{"line":76,"column":4},"end":{"line":76,"column":24}},"type":"cond-expr","locations":[{"start":{"line":76,"column":18},"end":{"line":76,"column":20}},{"start":{"line":76,"column":18},"end":{"line":76,"column":24}}]},"25":{"loc":{"start":{"line":76,"column":4},"end":{"line":76,"column":20}},"type":"binary-expr","locations":[{"start":{"line":76,"column":4},"end":{"line":76,"column":20}},{"start":{"line":76,"column":18},"end":{"line":76,"column":20}}]},"26":{"loc":{"start":{"line":78,"column":14},"end":{"line":78,"column":43}},"type":"binary-expr","locations":[{"start":{"line":78,"column":14},"end":{"line":78,"column":36}},{"start":{"line":78,"column":40},"end":{"line":78,"column":43}}]},"27":{"loc":{"start":{"line":78,"column":14},"end":{"line":78,"column":36}},"type":"cond-expr","locations":[{"start":{"line":78,"column":28},"end":{"line":78,"column":30}},{"start":{"line":78,"column":28},"end":{"line":78,"column":36}}]},"28":{"loc":{"start":{"line":78,"column":14},"end":{"line":78,"column":30}},"type":"binary-expr","locations":[{"start":{"line":78,"column":14},"end":{"line":78,"column":30}},{"start":{"line":78,"column":28},"end":{"line":78,"column":30}}]},"29":{"loc":{"start":{"line":79,"column":13},"end":{"line":79,"column":66}},"type":"binary-expr","locations":[{"start":{"line":79,"column":13},"end":{"line":79,"column":42}},{"start":{"line":79,"column":46},"end":{"line":79,"column":66}}]},"30":{"loc":{"start":{"line":79,"column":13},"end":{"line":79,"column":42}},"type":"cond-expr","locations":[{"start":{"line":79,"column":33},"end":{"line":79,"column":35}},{"start":{"line":79,"column":33},"end":{"line":79,"column":42}}]},"31":{"loc":{"start":{"line":79,"column":13},"end":{"line":79,"column":35}},"type":"binary-expr","locations":[{"start":{"line":79,"column":13},"end":{"line":79,"column":35}},{"start":{"line":79,"column":33},"end":{"line":79,"column":35}}]},"32":{"loc":{"start":{"line":79,"column":13},"end":{"line":79,"column":33}},"type":"cond-expr","locations":[{"start":{"line":79,"column":27},"end":{"line":79,"column":29}},{"start":{"line":79,"column":27},"end":{"line":79,"column":33}}]},"33":{"loc":{"start":{"line":79,"column":13},"end":{"line":79,"column":29}},"type":"binary-expr","locations":[{"start":{"line":79,"column":13},"end":{"line":79,"column":29}},{"start":{"line":79,"column":27},"end":{"line":79,"column":29}}]},"34":{"loc":{"start":{"line":80,"column":11},"end":{"line":80,"column":56}},"type":"binary-expr","locations":[{"start":{"line":80,"column":11},"end":{"line":80,"column":39}},{"start":{"line":80,"column":43},"end":{"line":80,"column":56}}]},"35":{"loc":{"start":{"line":80,"column":11},"end":{"line":80,"column":39}},"type":"cond-expr","locations":[{"start":{"line":80,"column":31},"end":{"line":80,"column":33}},{"start":{"line":80,"column":31},"end":{"line":80,"column":39}}]},"36":{"loc":{"start":{"line":80,"column":11},"end":{"line":80,"column":33}},"type":"binary-expr","locations":[{"start":{"line":80,"column":11},"end":{"line":80,"column":33}},{"start":{"line":80,"column":31},"end":{"line":80,"column":33}}]},"37":{"loc":{"start":{"line":80,"column":11},"end":{"line":80,"column":31}},"type":"cond-expr","locations":[{"start":{"line":80,"column":25},"end":{"line":80,"column":27}},{"start":{"line":80,"column":25},"end":{"line":80,"column":31}}]},"38":{"loc":{"start":{"line":80,"column":11},"end":{"line":80,"column":27}},"type":"binary-expr","locations":[{"start":{"line":80,"column":11},"end":{"line":80,"column":27}},{"start":{"line":80,"column":25},"end":{"line":80,"column":27}}]},"39":{"loc":{"start":{"line":91,"column":2},"end":{"line":94,"column":3}},"type":"if","locations":[{"start":{"line":91,"column":2},"end":{"line":94,"column":3}}]},"40":{"loc":{"start":{"line":103,"column":3},"end":{"line":109,"column":4}},"type":"if","locations":[{"start":{"line":103,"column":3},"end":{"line":109,"column":4}}]},"41":{"loc":{"start":{"line":104,"column":4},"end":{"line":104,"column":27}},"type":"cond-expr","locations":[{"start":{"line":104,"column":12},"end":{"line":104,"column":14}},{"start":{"line":104,"column":12},"end":{"line":104,"column":27}}]},"42":{"loc":{"start":{"line":104,"column":4},"end":{"line":104,"column":14}},"type":"binary-expr","locations":[{"start":{"line":104,"column":4},"end":{"line":104,"column":14}},{"start":{"line":104,"column":12},"end":{"line":104,"column":14}}]},"43":{"loc":{"start":{"line":114,"column":3},"end":{"line":117,"column":4}},"type":"if","locations":[{"start":{"line":114,"column":3},"end":{"line":117,"column":4}}]},"44":{"loc":{"start":{"line":130,"column":4},"end":{"line":130,"column":41}},"type":"binary-expr","locations":[{"start":{"line":130,"column":4},"end":{"line":130,"column":24}},{"start":{"line":130,"column":28},"end":{"line":130,"column":41}}]},"45":{"loc":{"start":{"line":130,"column":4},"end":{"line":130,"column":24}},"type":"cond-expr","locations":[{"start":{"line":130,"column":18},"end":{"line":130,"column":20}},{"start":{"line":130,"column":18},"end":{"line":130,"column":24}}]},"46":{"loc":{"start":{"line":130,"column":4},"end":{"line":130,"column":20}},"type":"binary-expr","locations":[{"start":{"line":130,"column":4},"end":{"line":130,"column":20}},{"start":{"line":130,"column":18},"end":{"line":130,"column":20}}]},"47":{"loc":{"start":{"line":132,"column":14},"end":{"line":132,"column":43}},"type":"binary-expr","locations":[{"start":{"line":132,"column":14},"end":{"line":132,"column":36}},{"start":{"line":132,"column":40},"end":{"line":132,"column":43}}]},"48":{"loc":{"start":{"line":132,"column":14},"end":{"line":132,"column":36}},"type":"cond-expr","locations":[{"start":{"line":132,"column":28},"end":{"line":132,"column":30}},{"start":{"line":132,"column":28},"end":{"line":132,"column":36}}]},"49":{"loc":{"start":{"line":132,"column":14},"end":{"line":132,"column":30}},"type":"binary-expr","locations":[{"start":{"line":132,"column":14},"end":{"line":132,"column":30}},{"start":{"line":132,"column":28},"end":{"line":132,"column":30}}]},"50":{"loc":{"start":{"line":133,"column":13},"end":{"line":133,"column":67}},"type":"binary-expr","locations":[{"start":{"line":133,"column":13},"end":{"line":133,"column":42}},{"start":{"line":133,"column":46},"end":{"line":133,"column":67}}]},"51":{"loc":{"start":{"line":133,"column":13},"end":{"line":133,"column":42}},"type":"cond-expr","locations":[{"start":{"line":133,"column":33},"end":{"line":133,"column":35}},{"start":{"line":133,"column":33},"end":{"line":133,"column":42}}]},"52":{"loc":{"start":{"line":133,"column":13},"end":{"line":133,"column":35}},"type":"binary-expr","locations":[{"start":{"line":133,"column":13},"end":{"line":133,"column":35}},{"start":{"line":133,"column":33},"end":{"line":133,"column":35}}]},"53":{"loc":{"start":{"line":133,"column":13},"end":{"line":133,"column":33}},"type":"cond-expr","locations":[{"start":{"line":133,"column":27},"end":{"line":133,"column":29}},{"start":{"line":133,"column":27},"end":{"line":133,"column":33}}]},"54":{"loc":{"start":{"line":133,"column":13},"end":{"line":133,"column":29}},"type":"binary-expr","locations":[{"start":{"line":133,"column":13},"end":{"line":133,"column":29}},{"start":{"line":133,"column":27},"end":{"line":133,"column":29}}]},"55":{"loc":{"start":{"line":134,"column":11},"end":{"line":134,"column":56}},"type":"binary-expr","locations":[{"start":{"line":134,"column":11},"end":{"line":134,"column":39}},{"start":{"line":134,"column":43},"end":{"line":134,"column":56}}]},"56":{"loc":{"start":{"line":134,"column":11},"end":{"line":134,"column":39}},"type":"cond-expr","locations":[{"start":{"line":134,"column":31},"end":{"line":134,"column":33}},{"start":{"line":134,"column":31},"end":{"line":134,"column":39}}]},"57":{"loc":{"start":{"line":134,"column":11},"end":{"line":134,"column":33}},"type":"binary-expr","locations":[{"start":{"line":134,"column":11},"end":{"line":134,"column":33}},{"start":{"line":134,"column":31},"end":{"line":134,"column":33}}]},"58":{"loc":{"start":{"line":134,"column":11},"end":{"line":134,"column":31}},"type":"cond-expr","locations":[{"start":{"line":134,"column":25},"end":{"line":134,"column":27}},{"start":{"line":134,"column":25},"end":{"line":134,"column":31}}]},"59":{"loc":{"start":{"line":134,"column":11},"end":{"line":134,"column":27}},"type":"binary-expr","locations":[{"start":{"line":134,"column":11},"end":{"line":134,"column":27}},{"start":{"line":134,"column":25},"end":{"line":134,"column":27}}]},"60":{"loc":{"start":{"line":149,"column":3},"end":{"line":155,"column":4}},"type":"if","locations":[{"start":{"line":149,"column":3},"end":{"line":155,"column":4}}]},"61":{"loc":{"start":{"line":150,"column":4},"end":{"line":150,"column":27}},"type":"cond-expr","locations":[{"start":{"line":150,"column":12},"end":{"line":150,"column":14}},{"start":{"line":150,"column":12},"end":{"line":150,"column":27}}]},"62":{"loc":{"start":{"line":150,"column":4},"end":{"line":150,"column":14}},"type":"binary-expr","locations":[{"start":{"line":150,"column":4},"end":{"line":150,"column":14}},{"start":{"line":150,"column":12},"end":{"line":150,"column":14}}]},"63":{"loc":{"start":{"line":164,"column":4},"end":{"line":164,"column":41}},"type":"binary-expr","locations":[{"start":{"line":164,"column":4},"end":{"line":164,"column":24}},{"start":{"line":164,"column":28},"end":{"line":164,"column":41}}]},"64":{"loc":{"start":{"line":164,"column":4},"end":{"line":164,"column":24}},"type":"cond-expr","locations":[{"start":{"line":164,"column":18},"end":{"line":164,"column":20}},{"start":{"line":164,"column":18},"end":{"line":164,"column":24}}]},"65":{"loc":{"start":{"line":164,"column":4},"end":{"line":164,"column":20}},"type":"binary-expr","locations":[{"start":{"line":164,"column":4},"end":{"line":164,"column":20}},{"start":{"line":164,"column":18},"end":{"line":164,"column":20}}]},"66":{"loc":{"start":{"line":166,"column":14},"end":{"line":166,"column":43}},"type":"binary-expr","locations":[{"start":{"line":166,"column":14},"end":{"line":166,"column":36}},{"start":{"line":166,"column":40},"end":{"line":166,"column":43}}]},"67":{"loc":{"start":{"line":166,"column":14},"end":{"line":166,"column":36}},"type":"cond-expr","locations":[{"start":{"line":166,"column":28},"end":{"line":166,"column":30}},{"start":{"line":166,"column":28},"end":{"line":166,"column":36}}]},"68":{"loc":{"start":{"line":166,"column":14},"end":{"line":166,"column":30}},"type":"binary-expr","locations":[{"start":{"line":166,"column":14},"end":{"line":166,"column":30}},{"start":{"line":166,"column":28},"end":{"line":166,"column":30}}]},"69":{"loc":{"start":{"line":168,"column":5},"end":{"line":168,"column":64}},"type":"binary-expr","locations":[{"start":{"line":168,"column":5},"end":{"line":168,"column":34}},{"start":{"line":168,"column":38},"end":{"line":168,"column":64}}]},"70":{"loc":{"start":{"line":168,"column":5},"end":{"line":168,"column":34}},"type":"cond-expr","locations":[{"start":{"line":168,"column":25},"end":{"line":168,"column":27}},{"start":{"line":168,"column":25},"end":{"line":168,"column":34}}]},"71":{"loc":{"start":{"line":168,"column":5},"end":{"line":168,"column":27}},"type":"binary-expr","locations":[{"start":{"line":168,"column":5},"end":{"line":168,"column":27}},{"start":{"line":168,"column":25},"end":{"line":168,"column":27}}]},"72":{"loc":{"start":{"line":168,"column":5},"end":{"line":168,"column":25}},"type":"cond-expr","locations":[{"start":{"line":168,"column":19},"end":{"line":168,"column":21}},{"start":{"line":168,"column":19},"end":{"line":168,"column":25}}]},"73":{"loc":{"start":{"line":168,"column":5},"end":{"line":168,"column":21}},"type":"binary-expr","locations":[{"start":{"line":168,"column":5},"end":{"line":168,"column":21}},{"start":{"line":168,"column":19},"end":{"line":168,"column":21}}]},"74":{"loc":{"start":{"line":169,"column":11},"end":{"line":169,"column":56}},"type":"binary-expr","locations":[{"start":{"line":169,"column":11},"end":{"line":169,"column":39}},{"start":{"line":169,"column":43},"end":{"line":169,"column":56}}]},"75":{"loc":{"start":{"line":169,"column":11},"end":{"line":169,"column":39}},"type":"cond-expr","locations":[{"start":{"line":169,"column":31},"end":{"line":169,"column":33}},{"start":{"line":169,"column":31},"end":{"line":169,"column":39}}]},"76":{"loc":{"start":{"line":169,"column":11},"end":{"line":169,"column":33}},"type":"binary-expr","locations":[{"start":{"line":169,"column":11},"end":{"line":169,"column":33}},{"start":{"line":169,"column":31},"end":{"line":169,"column":33}}]},"77":{"loc":{"start":{"line":169,"column":11},"end":{"line":169,"column":31}},"type":"cond-expr","locations":[{"start":{"line":169,"column":25},"end":{"line":169,"column":27}},{"start":{"line":169,"column":25},"end":{"line":169,"column":31}}]},"78":{"loc":{"start":{"line":169,"column":11},"end":{"line":169,"column":27}},"type":"binary-expr","locations":[{"start":{"line":169,"column":11},"end":{"line":169,"column":27}},{"start":{"line":169,"column":25},"end":{"line":169,"column":27}}]},"79":{"loc":{"start":{"line":179,"column":2},"end":{"line":182,"column":3}},"type":"if","locations":[{"start":{"line":179,"column":2},"end":{"line":182,"column":3}}]},"80":{"loc":{"start":{"line":179,"column":6},"end":{"line":179,"column":29}},"type":"cond-expr","locations":[{"start":{"line":179,"column":14},"end":{"line":179,"column":16}},{"start":{"line":179,"column":14},"end":{"line":179,"column":29}}]},"81":{"loc":{"start":{"line":179,"column":6},"end":{"line":179,"column":16}},"type":"binary-expr","locations":[{"start":{"line":179,"column":6},"end":{"line":179,"column":16}},{"start":{"line":179,"column":14},"end":{"line":179,"column":16}}]},"82":{"loc":{"start":{"line":193,"column":4},"end":{"line":193,"column":41}},"type":"binary-expr","locations":[{"start":{"line":193,"column":4},"end":{"line":193,"column":24}},{"start":{"line":193,"column":28},"end":{"line":193,"column":41}}]},"83":{"loc":{"start":{"line":193,"column":4},"end":{"line":193,"column":24}},"type":"cond-expr","locations":[{"start":{"line":193,"column":18},"end":{"line":193,"column":20}},{"start":{"line":193,"column":18},"end":{"line":193,"column":24}}]},"84":{"loc":{"start":{"line":193,"column":4},"end":{"line":193,"column":20}},"type":"binary-expr","locations":[{"start":{"line":193,"column":4},"end":{"line":193,"column":20}},{"start":{"line":193,"column":18},"end":{"line":193,"column":20}}]},"85":{"loc":{"start":{"line":195,"column":14},"end":{"line":195,"column":43}},"type":"binary-expr","locations":[{"start":{"line":195,"column":14},"end":{"line":195,"column":36}},{"start":{"line":195,"column":40},"end":{"line":195,"column":43}}]},"86":{"loc":{"start":{"line":195,"column":14},"end":{"line":195,"column":36}},"type":"cond-expr","locations":[{"start":{"line":195,"column":28},"end":{"line":195,"column":30}},{"start":{"line":195,"column":28},"end":{"line":195,"column":36}}]},"87":{"loc":{"start":{"line":195,"column":14},"end":{"line":195,"column":30}},"type":"binary-expr","locations":[{"start":{"line":195,"column":14},"end":{"line":195,"column":30}},{"start":{"line":195,"column":28},"end":{"line":195,"column":30}}]},"88":{"loc":{"start":{"line":196,"column":13},"end":{"line":196,"column":67}},"type":"binary-expr","locations":[{"start":{"line":196,"column":13},"end":{"line":196,"column":42}},{"start":{"line":196,"column":46},"end":{"line":196,"column":67}}]},"89":{"loc":{"start":{"line":196,"column":13},"end":{"line":196,"column":42}},"type":"cond-expr","locations":[{"start":{"line":196,"column":33},"end":{"line":196,"column":35}},{"start":{"line":196,"column":33},"end":{"line":196,"column":42}}]},"90":{"loc":{"start":{"line":196,"column":13},"end":{"line":196,"column":35}},"type":"binary-expr","locations":[{"start":{"line":196,"column":13},"end":{"line":196,"column":35}},{"start":{"line":196,"column":33},"end":{"line":196,"column":35}}]},"91":{"loc":{"start":{"line":196,"column":13},"end":{"line":196,"column":33}},"type":"cond-expr","locations":[{"start":{"line":196,"column":27},"end":{"line":196,"column":29}},{"start":{"line":196,"column":27},"end":{"line":196,"column":33}}]},"92":{"loc":{"start":{"line":196,"column":13},"end":{"line":196,"column":29}},"type":"binary-expr","locations":[{"start":{"line":196,"column":13},"end":{"line":196,"column":29}},{"start":{"line":196,"column":27},"end":{"line":196,"column":29}}]},"93":{"loc":{"start":{"line":197,"column":11},"end":{"line":197,"column":56}},"type":"binary-expr","locations":[{"start":{"line":197,"column":11},"end":{"line":197,"column":39}},{"start":{"line":197,"column":43},"end":{"line":197,"column":56}}]},"94":{"loc":{"start":{"line":197,"column":11},"end":{"line":197,"column":39}},"type":"cond-expr","locations":[{"start":{"line":197,"column":31},"end":{"line":197,"column":33}},{"start":{"line":197,"column":31},"end":{"line":197,"column":39}}]},"95":{"loc":{"start":{"line":197,"column":11},"end":{"line":197,"column":33}},"type":"binary-expr","locations":[{"start":{"line":197,"column":11},"end":{"line":197,"column":33}},{"start":{"line":197,"column":31},"end":{"line":197,"column":33}}]},"96":{"loc":{"start":{"line":197,"column":11},"end":{"line":197,"column":31}},"type":"cond-expr","locations":[{"start":{"line":197,"column":25},"end":{"line":197,"column":27}},{"start":{"line":197,"column":25},"end":{"line":197,"column":31}}]},"97":{"loc":{"start":{"line":197,"column":11},"end":{"line":197,"column":27}},"type":"binary-expr","locations":[{"start":{"line":197,"column":11},"end":{"line":197,"column":27}},{"start":{"line":197,"column":25},"end":{"line":197,"column":27}}]},"98":{"loc":{"start":{"line":211,"column":3},"end":{"line":211,"column":26}},"type":"cond-expr","locations":[{"start":{"line":211,"column":11},"end":{"line":211,"column":13}},{"start":{"line":211,"column":11},"end":{"line":211,"column":26}}]},"99":{"loc":{"start":{"line":211,"column":3},"end":{"line":211,"column":13}},"type":"binary-expr","locations":[{"start":{"line":211,"column":3},"end":{"line":211,"column":13}},{"start":{"line":211,"column":11},"end":{"line":211,"column":13}}]},"100":{"loc":{"start":{"line":215,"column":2},"end":{"line":218,"column":3}},"type":"if","locations":[{"start":{"line":215,"column":2},"end":{"line":218,"column":3}}]},"101":{"loc":{"start":{"line":215,"column":6},"end":{"line":215,"column":29}},"type":"cond-expr","locations":[{"start":{"line":215,"column":14},"end":{"line":215,"column":16}},{"start":{"line":215,"column":14},"end":{"line":215,"column":29}}]},"102":{"loc":{"start":{"line":215,"column":6},"end":{"line":215,"column":16}},"type":"binary-expr","locations":[{"start":{"line":215,"column":6},"end":{"line":215,"column":16}},{"start":{"line":215,"column":14},"end":{"line":215,"column":16}}]},"103":{"loc":{"start":{"line":237,"column":4},"end":{"line":237,"column":41}},"type":"binary-expr","locations":[{"start":{"line":237,"column":4},"end":{"line":237,"column":24}},{"start":{"line":237,"column":28},"end":{"line":237,"column":41}}]},"104":{"loc":{"start":{"line":237,"column":4},"end":{"line":237,"column":24}},"type":"cond-expr","locations":[{"start":{"line":237,"column":18},"end":{"line":237,"column":20}},{"start":{"line":237,"column":18},"end":{"line":237,"column":24}}]},"105":{"loc":{"start":{"line":237,"column":4},"end":{"line":237,"column":20}},"type":"binary-expr","locations":[{"start":{"line":237,"column":4},"end":{"line":237,"column":20}},{"start":{"line":237,"column":18},"end":{"line":237,"column":20}}]},"106":{"loc":{"start":{"line":239,"column":14},"end":{"line":239,"column":43}},"type":"binary-expr","locations":[{"start":{"line":239,"column":14},"end":{"line":239,"column":36}},{"start":{"line":239,"column":40},"end":{"line":239,"column":43}}]},"107":{"loc":{"start":{"line":239,"column":14},"end":{"line":239,"column":36}},"type":"cond-expr","locations":[{"start":{"line":239,"column":28},"end":{"line":239,"column":30}},{"start":{"line":239,"column":28},"end":{"line":239,"column":36}}]},"108":{"loc":{"start":{"line":239,"column":14},"end":{"line":239,"column":30}},"type":"binary-expr","locations":[{"start":{"line":239,"column":14},"end":{"line":239,"column":30}},{"start":{"line":239,"column":28},"end":{"line":239,"column":30}}]},"109":{"loc":{"start":{"line":241,"column":5},"end":{"line":242,"column":35}},"type":"binary-expr","locations":[{"start":{"line":241,"column":5},"end":{"line":241,"column":34}},{"start":{"line":242,"column":5},"end":{"line":242,"column":35}}]},"110":{"loc":{"start":{"line":241,"column":5},"end":{"line":241,"column":34}},"type":"cond-expr","locations":[{"start":{"line":241,"column":25},"end":{"line":241,"column":27}},{"start":{"line":241,"column":25},"end":{"line":241,"column":34}}]},"111":{"loc":{"start":{"line":241,"column":5},"end":{"line":241,"column":27}},"type":"binary-expr","locations":[{"start":{"line":241,"column":5},"end":{"line":241,"column":27}},{"start":{"line":241,"column":25},"end":{"line":241,"column":27}}]},"112":{"loc":{"start":{"line":241,"column":5},"end":{"line":241,"column":25}},"type":"cond-expr","locations":[{"start":{"line":241,"column":19},"end":{"line":241,"column":21}},{"start":{"line":241,"column":19},"end":{"line":241,"column":25}}]},"113":{"loc":{"start":{"line":241,"column":5},"end":{"line":241,"column":21}},"type":"binary-expr","locations":[{"start":{"line":241,"column":5},"end":{"line":241,"column":21}},{"start":{"line":241,"column":19},"end":{"line":241,"column":21}}]},"114":{"loc":{"start":{"line":243,"column":11},"end":{"line":243,"column":56}},"type":"binary-expr","locations":[{"start":{"line":243,"column":11},"end":{"line":243,"column":39}},{"start":{"line":243,"column":43},"end":{"line":243,"column":56}}]},"115":{"loc":{"start":{"line":243,"column":11},"end":{"line":243,"column":39}},"type":"cond-expr","locations":[{"start":{"line":243,"column":31},"end":{"line":243,"column":33}},{"start":{"line":243,"column":31},"end":{"line":243,"column":39}}]},"116":{"loc":{"start":{"line":243,"column":11},"end":{"line":243,"column":33}},"type":"binary-expr","locations":[{"start":{"line":243,"column":11},"end":{"line":243,"column":33}},{"start":{"line":243,"column":31},"end":{"line":243,"column":33}}]},"117":{"loc":{"start":{"line":243,"column":11},"end":{"line":243,"column":31}},"type":"cond-expr","locations":[{"start":{"line":243,"column":25},"end":{"line":243,"column":27}},{"start":{"line":243,"column":25},"end":{"line":243,"column":31}}]},"118":{"loc":{"start":{"line":243,"column":11},"end":{"line":243,"column":27}},"type":"binary-expr","locations":[{"start":{"line":243,"column":11},"end":{"line":243,"column":27}},{"start":{"line":243,"column":25},"end":{"line":243,"column":27}}]}},"s":{"0":1,"1":1,"2":1,"3":37,"4":8,"5":8,"6":1,"7":1,"8":7,"9":7,"10":7,"11":7,"12":2,"13":2,"14":5,"15":5,"16":3,"17":1,"18":1,"19":2,"20":1,"21":3,"22":3,"23":5,"24":2,"25":2,"26":3,"27":3,"28":1,"29":2,"30":2,"31":8,"32":8,"33":1,"34":1,"35":7,"36":7,"37":7,"38":5,"39":5,"40":2,"41":2,"42":3,"43":2,"44":1,"45":1,"46":1,"47":1,"48":1,"49":3,"50":3,"51":5,"52":5,"53":3,"54":2,"55":2,"56":1,"57":1,"58":2,"59":2,"60":5,"61":2,"62":2,"63":3,"64":3,"65":1,"66":2,"67":2,"68":6,"69":6,"70":6,"71":6,"72":2,"73":2,"74":4,"75":4,"76":2,"77":2,"78":2,"79":3,"80":2,"81":1,"82":3,"83":3,"84":1},"f":{"0":37,"1":8,"2":5,"3":8,"4":5,"5":5,"6":6},"b":{"0":[1],"1":[2],"2":[7,6],"3":[1],"4":[3,1],"5":[1,2],"6":[3,3],"7":[3,1],"8":[1,2],"9":[3,3],"10":[3,1],"11":[1,2],"12":[3,3],"13":[1,2],"14":[3,3],"15":[3,3],"16":[1,2],"17":[3,3],"18":[1,2],"19":[3,3],"20":[2],"21":[1,4],"22":[5,5],"23":[2,1],"24":[1,1],"25":[2,2],"26":[2,1],"27":[1,1],"28":[2,2],"29":[2,1],"30":[1,1],"31":[2,2],"32":[1,1],"33":[2,2],"34":[2,2],"35":[1,1],"36":[2,2],"37":[1,1],"38":[2,2],"39":[1],"40":[2],"41":[1,4],"42":[5,5],"43":[1],"44":[3,1],"45":[1,2],"46":[3,3],"47":[3,1],"48":[1,2],"49":[3,3],"50":[3,1],"51":[1,2],"52":[3,3],"53":[1,2],"54":[3,3],"55":[3,3],"56":[1,2],"57":[3,3],"58":[1,2],"59":[3,3],"60":[2],"61":[1,2],"62":[3,3],"63":[2,1],"64":[1,1],"65":[2,2],"66":[2,1],"67":[1,1],"68":[2,2],"69":[2,1],"70":[1,1],"71":[2,2],"72":[1,1],"73":[2,2],"74":[2,2],"75":[1,1],"76":[2,2],"77":[1,1],"78":[2,2],"79":[2],"80":[1,4],"81":[5,5],"82":[2,1],"83":[1,1],"84":[2,2],"85":[2,1],"86":[1,1],"87":[2,2],"88":[2,1],"89":[1,1],"90":[2,2],"91":[1,1],"92":[2,2],"93":[2,2],"94":[1,1],"95":[2,2],"96":[1,1],"97":[2,2],"98":[1,5],"99":[6,6],"100":[2],"101":[1,5],"102":[6,6],"103":[3,1],"104":[1,2],"105":[3,3],"106":[3,1],"107":[1,2],"108":[3,3],"109":[3,1],"110":[1,2],"111":[3,3],"112":[1,2],"113":[3,3],"114":[3,3],"115":[1,2],"116":[3,3],"117":[1,2],"118":[3,3]}}
}
