TN:
SF:src\config\config.ts
FNF:0
FNH:0
DA:1,4
DA:3,4
DA:9,4
DA:10,4
DA:11,4
DA:12,4
DA:21,4
LF:7
LH:7
BRDA:5,0,0,4
BRDA:5,0,1,1
BRDA:9,1,0,4
BRDA:9,1,1,1
BRDA:10,2,0,2
BRDA:10,2,1,2
BRDA:10,3,0,4
BRDA:10,3,1,4
BRDA:11,4,0,2
BRDA:11,4,1,2
BRDA:11,5,0,4
BRDA:11,5,1,4
BRDA:12,6,0,2
BRDA:12,6,1,2
BRDA:12,7,0,4
BRDA:12,7,1,4
BRF:16
BRH:16
end_of_record
TN:
SF:src\controllers\cartController.ts
FN:7,(anonymous_8)
FN:10,(anonymous_9)
FN:57,(anonymous_11)
FN:85,(anonymous_13)
FN:139,(anonymous_15)
FN:174,(anonymous_17)
FN:202,(anonymous_19)
FNF:7
FNH:7
FNDA:37,(anonymous_8)
FNDA:8,(anonymous_9)
FNDA:5,(anonymous_11)
FNDA:8,(anonymous_13)
FNDA:5,(anonymous_15)
FNDA:5,(anonymous_17)
FNDA:6,(anonymous_19)
DA:2,1
DA:3,1
DA:4,1
DA:7,1
DA:8,37
DA:15,8
DA:16,8
DA:17,1
DA:18,1
DA:21,7
DA:22,7
DA:23,7
DA:24,7
DA:25,2
DA:26,2
DA:29,5
DA:30,5
DA:34,3
DA:35,1
DA:36,1
DA:38,2
DA:43,1
DA:45,3
DA:49,3
DA:62,5
DA:63,2
DA:64,2
DA:67,3
DA:68,3
DA:72,1
DA:74,2
DA:78,2
DA:90,8
DA:91,8
DA:92,1
DA:93,1
DA:96,7
DA:97,7
DA:98,7
DA:102,5
DA:103,5
DA:107,2
DA:108,2
DA:110,3
DA:114,2
DA:115,1
DA:116,1
DA:118,1
DA:121,1
DA:126,1
DA:128,3
DA:132,3
DA:144,5
DA:145,5
DA:149,3
DA:153,2
DA:154,2
DA:156,1
DA:160,1
DA:162,2
DA:166,2
DA:179,5
DA:180,2
DA:181,2
DA:184,3
DA:185,3
DA:189,1
DA:191,2
DA:195,2
DA:207,6
DA:208,6
DA:209,6
DA:215,6
DA:216,2
DA:217,2
DA:219,4
DA:220,4
DA:224,2
DA:225,2
DA:226,2
DA:227,3
DA:231,2
DA:233,1
DA:235,3
DA:239,3
LF:85
LH:85
BRDA:16,0,0,1
BRDA:24,1,0,2
BRDA:24,2,0,7
BRDA:24,2,1,6
BRDA:34,3,0,1
BRDA:47,4,0,3
BRDA:47,4,1,1
BRDA:47,5,0,1
BRDA:47,5,1,2
BRDA:47,6,0,3
BRDA:47,6,1,3
BRDA:49,7,0,3
BRDA:49,7,1,1
BRDA:49,8,0,1
BRDA:49,8,1,2
BRDA:49,9,0,3
BRDA:49,9,1,3
BRDA:51,10,0,3
BRDA:51,10,1,1
BRDA:51,11,0,1
BRDA:51,11,1,2
BRDA:51,12,0,3
BRDA:51,12,1,3
BRDA:51,13,0,1
BRDA:51,13,1,2
BRDA:51,14,0,3
BRDA:51,14,1,3
BRDA:52,15,0,3
BRDA:52,15,1,3
BRDA:52,16,0,1
BRDA:52,16,1,2
BRDA:52,17,0,3
BRDA:52,17,1,3
BRDA:52,18,0,1
BRDA:52,18,1,2
BRDA:52,19,0,3
BRDA:52,19,1,3
BRDA:62,20,0,2
BRDA:62,21,0,1
BRDA:62,21,1,4
BRDA:62,22,0,5
BRDA:62,22,1,5
BRDA:76,23,0,2
BRDA:76,23,1,1
BRDA:76,24,0,1
BRDA:76,24,1,1
BRDA:76,25,0,2
BRDA:76,25,1,2
BRDA:78,26,0,2
BRDA:78,26,1,1
BRDA:78,27,0,1
BRDA:78,27,1,1
BRDA:78,28,0,2
BRDA:78,28,1,2
BRDA:79,29,0,2
BRDA:79,29,1,1
BRDA:79,30,0,1
BRDA:79,30,1,1
BRDA:79,31,0,2
BRDA:79,31,1,2
BRDA:79,32,0,1
BRDA:79,32,1,1
BRDA:79,33,0,2
BRDA:79,33,1,2
BRDA:80,34,0,2
BRDA:80,34,1,2
BRDA:80,35,0,1
BRDA:80,35,1,1
BRDA:80,36,0,2
BRDA:80,36,1,2
BRDA:80,37,0,1
BRDA:80,37,1,1
BRDA:80,38,0,2
BRDA:80,38,1,2
BRDA:91,39,0,1
BRDA:103,40,0,2
BRDA:104,41,0,1
BRDA:104,41,1,4
BRDA:104,42,0,5
BRDA:104,42,1,5
BRDA:114,43,0,1
BRDA:130,44,0,3
BRDA:130,44,1,1
BRDA:130,45,0,1
BRDA:130,45,1,2
BRDA:130,46,0,3
BRDA:130,46,1,3
BRDA:132,47,0,3
BRDA:132,47,1,1
BRDA:132,48,0,1
BRDA:132,48,1,2
BRDA:132,49,0,3
BRDA:132,49,1,3
BRDA:133,50,0,3
BRDA:133,50,1,1
BRDA:133,51,0,1
BRDA:133,51,1,2
BRDA:133,52,0,3
BRDA:133,52,1,3
BRDA:133,53,0,1
BRDA:133,53,1,2
BRDA:133,54,0,3
BRDA:133,54,1,3
BRDA:134,55,0,3
BRDA:134,55,1,3
BRDA:134,56,0,1
BRDA:134,56,1,2
BRDA:134,57,0,3
BRDA:134,57,1,3
BRDA:134,58,0,1
BRDA:134,58,1,2
BRDA:134,59,0,3
BRDA:134,59,1,3
BRDA:149,60,0,2
BRDA:150,61,0,1
BRDA:150,61,1,2
BRDA:150,62,0,3
BRDA:150,62,1,3
BRDA:164,63,0,2
BRDA:164,63,1,1
BRDA:164,64,0,1
BRDA:164,64,1,1
BRDA:164,65,0,2
BRDA:164,65,1,2
BRDA:166,66,0,2
BRDA:166,66,1,1
BRDA:166,67,0,1
BRDA:166,67,1,1
BRDA:166,68,0,2
BRDA:166,68,1,2
BRDA:168,69,0,2
BRDA:168,69,1,1
BRDA:168,70,0,1
BRDA:168,70,1,1
BRDA:168,71,0,2
BRDA:168,71,1,2
BRDA:168,72,0,1
BRDA:168,72,1,1
BRDA:168,73,0,2
BRDA:168,73,1,2
BRDA:169,74,0,2
BRDA:169,74,1,2
BRDA:169,75,0,1
BRDA:169,75,1,1
BRDA:169,76,0,2
BRDA:169,76,1,2
BRDA:169,77,0,1
BRDA:169,77,1,1
BRDA:169,78,0,2
BRDA:169,78,1,2
BRDA:179,79,0,2
BRDA:179,80,0,1
BRDA:179,80,1,4
BRDA:179,81,0,5
BRDA:179,81,1,5
BRDA:193,82,0,2
BRDA:193,82,1,1
BRDA:193,83,0,1
BRDA:193,83,1,1
BRDA:193,84,0,2
BRDA:193,84,1,2
BRDA:195,85,0,2
BRDA:195,85,1,1
BRDA:195,86,0,1
BRDA:195,86,1,1
BRDA:195,87,0,2
BRDA:195,87,1,2
BRDA:196,88,0,2
BRDA:196,88,1,1
BRDA:196,89,0,1
BRDA:196,89,1,1
BRDA:196,90,0,2
BRDA:196,90,1,2
BRDA:196,91,0,1
BRDA:196,91,1,1
BRDA:196,92,0,2
BRDA:196,92,1,2
BRDA:197,93,0,2
BRDA:197,93,1,2
BRDA:197,94,0,1
BRDA:197,94,1,1
BRDA:197,95,0,2
BRDA:197,95,1,2
BRDA:197,96,0,1
BRDA:197,96,1,1
BRDA:197,97,0,2
BRDA:197,97,1,2
BRDA:211,98,0,1
BRDA:211,98,1,5
BRDA:211,99,0,6
BRDA:211,99,1,6
BRDA:215,100,0,2
BRDA:215,101,0,1
BRDA:215,101,1,5
BRDA:215,102,0,6
BRDA:215,102,1,6
BRDA:237,103,0,3
BRDA:237,103,1,1
BRDA:237,104,0,1
BRDA:237,104,1,2
BRDA:237,105,0,3
BRDA:237,105,1,3
BRDA:239,106,0,3
BRDA:239,106,1,1
BRDA:239,107,0,1
BRDA:239,107,1,2
BRDA:239,108,0,3
BRDA:239,108,1,3
BRDA:241,109,0,3
BRDA:241,109,1,1
BRDA:241,110,0,1
BRDA:241,110,1,2
BRDA:241,111,0,3
BRDA:241,111,1,3
BRDA:241,112,0,1
BRDA:241,112,1,2
BRDA:241,113,0,3
BRDA:241,113,1,3
BRDA:243,114,0,3
BRDA:243,114,1,3
BRDA:243,115,0,1
BRDA:243,115,1,2
BRDA:243,116,0,3
BRDA:243,116,1,3
BRDA:243,117,0,1
BRDA:243,117,1,2
BRDA:243,118,0,3
BRDA:243,118,1,3
BRF:228
BRH:228
end_of_record
